
=== Thu Oct 29 22:30:04 2020

Packages were changed.
Update Mode: updateDependencies

The following packages were updated:
  com.unity.ide.vscode from version 1.2.0 to 1.2.2
  com.unity.mobile.android-logcat from version 1.1.1 to 1.2.0
  com.unity.test-framework from version 1.1.14 to 1.1.18

=== Tue Jul 27 09:22:53 2021

Packages were changed.
Update Mode: updateDependencies

The following packages were added:
  com.unity.ide.visualstudio@2.0.9
The following packages were updated:
  com.unity.ads from version 3.4.9 to 3.7.1
  com.unity.ext.nunit from version 1.0.0 to 1.0.6
  com.unity.ide.rider from version 1.1.4 to 2.0.7
  com.unity.mobile.android-logcat from version 1.2.0 to 1.2.2
  com.unity.render-pipelines.universal from version 7.3.1 to 10.5.0
  com.unity.test-framework from version 1.1.18 to 1.1.27
  com.unity.textmeshpro from version 2.1.3 to 3.0.6
  com.unity.timeline from version 1.2.17 to 1.4.8
